0 info it worked if it ends with ok
1 verbose cli [ '/Users/paulo/.nvm/versions/node/v6.12.3/bin/node',
1 verbose cli   '/Users/paulo/.nvm/versions/node/v6.12.3/bin/npm',
1 verbose cli   'run',
1 verbose cli   'lint',
1 verbose cli   '--',
1 verbose cli   '--ignore',
1 verbose cli   '.gitignore',
1 verbose cli   'src/' ]
2 info using npm@3.10.10
3 info using node@v6.12.3
4 verbose run-script [ 'prelint', 'lint', 'postlint' ]
5 info lifecycle economy-dashboard@1.0.0~prelint: economy-dashboard@1.0.0
6 silly lifecycle economy-dashboard@1.0.0~prelint: no script for prelint, continuing
7 info lifecycle economy-dashboard@1.0.0~lint: economy-dashboard@1.0.0
8 verbose lifecycle economy-dashboard@1.0.0~lint: unsafe-perm in lifecycle true
9 verbose lifecycle economy-dashboard@1.0.0~lint: PATH: /Users/paulo/.nvm/versions/node/v6.12.3/lib/node_modules/npm/bin/node-gyp-bin:/Users/paulo/Documents/labs/economy-dashboard/node_modules/.bin:/Users/paulo/.nvm/versions/node/v6.12.3/lib/node_modules/npm/bin/node-gyp-bin:/Users/paulo/Documents/labs/economy-dashboard/node_modules/.bin:/usr/local/bin:/usr/bin:/bin:/usr/sbin:/sbin:/Users/paulo/.nvm/versions/node/v6.12.3/bin
10 verbose lifecycle economy-dashboard@1.0.0~lint: CWD: /Users/paulo/Documents/labs/economy-dashboard
11 silly lifecycle economy-dashboard@1.0.0~lint: Args: [ '-c',
11 silly lifecycle   'eslint --ignore-pattern \'!.gitignore\' . "--ignore" ".gitignore" "src/"' ]
12 silly lifecycle economy-dashboard@1.0.0~lint: Returned: code: 1  signal: null
13 info lifecycle economy-dashboard@1.0.0~lint: Failed to exec lint script
14 verbose stack Error: economy-dashboard@1.0.0 lint: `eslint --ignore-pattern '!.gitignore' . "--ignore" ".gitignore" "src/"`
14 verbose stack Exit status 1
14 verbose stack     at EventEmitter.<anonymous> (/Users/paulo/.nvm/versions/node/v6.12.3/lib/node_modules/npm/lib/utils/lifecycle.js:255:16)
14 verbose stack     at emitTwo (events.js:106:13)
14 verbose stack     at EventEmitter.emit (events.js:191:7)
14 verbose stack     at ChildProcess.<anonymous> (/Users/paulo/.nvm/versions/node/v6.12.3/lib/node_modules/npm/lib/utils/spawn.js:40:14)
14 verbose stack     at emitTwo (events.js:106:13)
14 verbose stack     at ChildProcess.emit (events.js:191:7)
14 verbose stack     at maybeClose (internal/child_process.js:920:16)
14 verbose stack     at Process.ChildProcess._handle.onexit (internal/child_process.js:230:5)
15 verbose pkgid economy-dashboard@1.0.0
16 verbose cwd /Users/paulo/Documents/labs/economy-dashboard
17 error Darwin 17.4.0
18 error argv "/Users/paulo/.nvm/versions/node/v6.12.3/bin/node" "/Users/paulo/.nvm/versions/node/v6.12.3/bin/npm" "run" "lint" "--" "--ignore" ".gitignore" "src/"
19 error node v6.12.3
20 error npm  v3.10.10
21 error code ELIFECYCLE
22 error economy-dashboard@1.0.0 lint: `eslint --ignore-pattern '!.gitignore' . "--ignore" ".gitignore" "src/"`
22 error Exit status 1
23 error Failed at the economy-dashboard@1.0.0 lint script 'eslint --ignore-pattern '!.gitignore' . "--ignore" ".gitignore" "src/"'.
23 error Make sure you have the latest version of node.js and npm installed.
23 error If you do, this is most likely a problem with the economy-dashboard package,
23 error not with npm itself.
23 error Tell the author that this fails on your system:
23 error     eslint --ignore-pattern '!.gitignore' . "--ignore" ".gitignore" "src/"
23 error You can get information on how to open an issue for this project with:
23 error     npm bugs economy-dashboard
23 error Or if that isn't available, you can get their info via:
23 error     npm owner ls economy-dashboard
23 error There is likely additional logging output above.
24 verbose exit [ 1, true ]
